2025-11-04 10:13:52,871 - cocli.tui.app - DEBUG - Key pressed: j
2025-11-04 10:13:52,962 - cocli.tui.app - DEBUG - Key pressed: l
2025-11-04 10:13:52,963 - cocli.tui.app - DEBUG - action_select_item called
2025-11-04 10:13:52,963 - cocli.tui.app - DEBUG - on_list_view_selected called with item ID: companies
2025-11-04 10:13:52,963 - cocli.tui.app - DEBUG - Mounting companies into #app_content
2025-11-04 10:13:52,964 - cocli.tui.app - DEBUG - CompanyList mounted.
2025-11-04 10:13:53,144 - cocli.tui.app - DEBUG - Key pressed: down
2025-11-04 10:13:53,231 - cocli.tui.app - DEBUG - Key pressed: l
2025-11-04 10:13:53,232 - cocli.tui.app - DEBUG - action_select_item called
2025-11-04 10:13:53,232 - cocli.tui.widgets.company_list - DEBUG - ListView.Selected event received in CompanyList for item ID: test-company
2025-11-04 10:13:53,232 - cocli.tui.app - DEBUG - on_list_view_selected called with item ID: test-company
2025-11-04 10:13:53,233 - cocli.tui.app - DEBUG - Mounting test-company into #app_content
2025-11-04 10:13:53,239 - cocli.tui.app - DEBUG - on_company_list_company_selected called with slug: test-company
2025-11-04 10:13:53,240 - cocli.tui.widgets.company_detail - DEBUG - CompanyDetailScreen initialized with data for: Selected Company
2025-11-04 10:13:53,240 - cocli.tui.widgets.company_detail - DEBUG - CompanyDetailScreen compose called
2025-11-04 10:13:53,251 - cocli.tui.widgets.company_detail - DEBUG - CompanyDetailScreen on_mount called
2025-11-04 10:13:53,377 - asyncio - DEBUG - Using selector: EpollSelector
2025-11-04 10:13:53,424 - cocli.tui.app - DEBUG - Key pressed: j
2025-11-04 10:13:53,523 - cocli.tui.app - DEBUG - Key pressed: l
2025-11-04 10:13:53,524 - cocli.tui.app - DEBUG - action_select_item called
2025-11-04 10:13:53,525 - cocli.tui.app - DEBUG - on_list_view_selected called with item ID: companies
2025-11-04 10:13:53,526 - cocli.tui.app - DEBUG - Mounting companies into #app_content
2025-11-04 10:13:53,527 - cocli.tui.app - DEBUG - CompanyList mounted.
2025-11-04 10:13:53,694 - asyncio - DEBUG - Using selector: EpollSelector
2025-11-04 10:13:53,729 - cocli.tui.app - DEBUG - Key pressed: j
2025-11-04 10:13:53,813 - cocli.tui.app - DEBUG - Key pressed: l
2025-11-04 10:13:53,813 - cocli.tui.app - DEBUG - action_select_item called
2025-11-04 10:13:53,813 - cocli.tui.app - DEBUG - on_list_view_selected called with item ID: companies
2025-11-04 10:13:53,814 - cocli.tui.app - DEBUG - Mounting companies into #app_content
2025-11-04 10:13:53,814 - cocli.tui.app - DEBUG - CompanyList mounted.
2025-11-04 10:13:53,979 - asyncio - DEBUG - Using selector: EpollSelector
2025-11-04 10:13:54,016 - cocli.tui.app - DEBUG - Key pressed: j
2025-11-04 10:13:54,101 - cocli.tui.app - DEBUG - Key pressed: l
2025-11-04 10:13:54,101 - cocli.tui.app - DEBUG - action_select_item called
2025-11-04 10:13:54,101 - cocli.tui.app - DEBUG - on_list_view_selected called with item ID: companies
2025-11-04 10:13:54,102 - cocli.tui.app - DEBUG - Mounting companies into #app_content
2025-11-04 10:13:54,102 - cocli.tui.app - DEBUG - CompanyList mounted.
2025-11-04 10:13:54,341 - cocli.tui.app - DEBUG - Key pressed: down
2025-11-04 10:13:54,402 - cocli.tui.app - DEBUG - Key pressed: l
2025-11-04 10:13:54,402 - cocli.tui.app - DEBUG - action_select_item called
2025-11-04 10:13:54,403 - cocli.tui.widgets.company_list - DEBUG - ListView.Selected event received in CompanyList for item ID: test-company
2025-11-04 10:13:54,403 - cocli.tui.app - DEBUG - on_list_view_selected called with item ID: test-company
2025-11-04 10:13:54,403 - cocli.tui.app - DEBUG - Mounting test-company into #app_content
2025-11-04 10:13:54,409 - cocli.tui.app - DEBUG - on_company_list_company_selected called with slug: test-company
2025-11-04 10:13:54,509 - asyncio - DEBUG - Using selector: EpollSelector
2025-11-04 10:13:54,548 - cocli.tui.app - DEBUG - Key pressed: j
2025-11-04 10:13:54,654 - cocli.tui.app - DEBUG - Key pressed: k
2025-11-04 10:13:54,753 - asyncio - DEBUG - Using selector: EpollSelector
2025-11-04 10:13:54,787 - cocli.tui.app - DEBUG - Key pressed: j
2025-11-04 10:13:54,884 - cocli.tui.app - DEBUG - Key pressed: l
2025-11-04 10:13:54,884 - cocli.tui.app - DEBUG - action_select_item called
2025-11-04 10:13:54,885 - cocli.tui.app - DEBUG - on_list_view_selected called with item ID: companies
2025-11-04 10:13:54,885 - cocli.tui.app - DEBUG - Mounting companies into #app_content
2025-11-04 10:13:55,265 - cocli.tui.app - DEBUG - CompanyList mounted.
2025-11-04 10:13:55,578 - cocli.tui.app - DEBUG - Key pressed: h
2025-11-04 10:13:55,578 - cocli.tui.app - DEBUG - action_go_back called
2025-11-04 10:13:55,578 - cocli.tui.app - DEBUG - body_container.children: <NodeList [CompanyList()]>
2025-11-04 10:13:55,579 - cocli.tui.app - DEBUG - Removed child. body_container.children: <NodeList [CompanyList()]>
2025-11-04 10:14:00,804 - asyncio - DEBUG - Using selector: EpollSelector
2025-11-04 10:14:00,837 - cocli.tui.app - DEBUG - Key pressed: j
2025-11-04 10:14:01,008 - cocli.tui.app - DEBUG - Key pressed: l
2025-11-04 10:14:01,008 - cocli.tui.app - DEBUG - action_select_item called
2025-11-04 10:14:01,009 - cocli.tui.app - DEBUG - on_list_view_selected called with item ID: companies
2025-11-04 10:14:01,010 - cocli.tui.app - DEBUG - Mounting companies into #app_content
2025-11-04 10:14:01,406 - cocli.tui.app - DEBUG - CompanyList mounted.
2025-11-04 10:14:01,730 - cocli.tui.app - DEBUG - Key pressed: l
2025-11-04 10:14:01,730 - cocli.tui.app - DEBUG - action_select_item called
2025-11-04 10:14:01,731 - cocli.tui.widgets.company_list - DEBUG - ListView.Selected event received in CompanyList for item ID: trinitycapitalmanagement-net
2025-11-04 10:14:01,732 - cocli.tui.app - DEBUG - on_list_view_selected called with item ID: trinitycapitalmanagement-net
2025-11-04 10:14:01,733 - cocli.tui.app - DEBUG - Mounting trinitycapitalmanagement-net into #app_content
2025-11-04 10:14:01,760 - cocli.tui.app - DEBUG - on_company_list_company_selected called with slug: trinitycapitalmanagement-net
2025-11-04 10:14:01,760 - cocli.tui.widgets.company_detail - DEBUG - CompanyDetailScreen initialized with data for: Selected Company
2025-11-04 10:14:01,761 - cocli.tui.widgets.company_detail - DEBUG - CompanyDetailScreen compose called
2025-11-04 10:14:01,776 - cocli.tui.widgets.company_detail - DEBUG - CompanyDetailScreen on_mount called
2025-11-04 10:14:01,913 - asyncio - DEBUG - Using selector: EpollSelector
2025-11-04 10:14:01,963 - asyncio - DEBUG - Using selector: EpollSelector
2025-11-04 10:14:03,285 - transitions.core - DEBUG - Executed machine preparation callbacks before conditions.
2025-11-04 10:14:03,285 - transitions.core - DEBUG - Initiating transition from state prospecting_importing to state prospecting_enriching...
2025-11-04 10:14:03,285 - transitions.core - DEBUG - Executed callbacks before conditions.
2025-11-04 10:14:03,285 - transitions.core - DEBUG - Executed callback before transition.
2025-11-04 10:14:03,285 - transitions.core - DEBUG - Exiting state prospecting_importing. Processing callbacks...
2025-11-04 10:14:03,285 - transitions.core - INFO - Finished processing state prospecting_importing exit callbacks.
2025-11-04 10:14:03,286 - transitions.core - DEBUG - Entering state prospecting_enriching. Processing callbacks...
2025-11-04 10:14:03,286 - transitions.core - INFO - Finished processing state prospecting_enriching enter callbacks.
2025-11-04 10:14:03,286 - transitions.core - DEBUG - Executed callback after transition.
2025-11-04 10:14:03,286 - transitions.core - DEBUG - Executed machine finalize callbacks
2025-11-04 10:14:03,291 - transitions.core - DEBUG - Executed machine preparation callbacks before conditions.
2025-11-04 10:14:03,291 - transitions.core - DEBUG - Initiating transition from state prospecting_enriching to state outreach...
2025-11-04 10:14:03,291 - transitions.core - DEBUG - Executed callbacks before conditions.
2025-11-04 10:14:03,291 - transitions.core - DEBUG - Executed callback before transition.
2025-11-04 10:14:03,291 - transitions.core - DEBUG - Exiting state prospecting_enriching. Processing callbacks...
2025-11-04 10:14:03,291 - transitions.core - INFO - Finished processing state prospecting_enriching exit callbacks.
2025-11-04 10:14:03,291 - transitions.core - DEBUG - Entering state outreach. Processing callbacks...
2025-11-04 10:14:03,291 - transitions.core - INFO - Finished processing state outreach enter callbacks.
2025-11-04 10:14:03,291 - transitions.core - DEBUG - Executed callback after transition.
2025-11-04 10:14:03,292 - transitions.core - DEBUG - Executed machine finalize callbacks
2025-11-04 10:16:34,733 - cocli.tui.app - DEBUG - Key pressed: j
2025-11-04 10:16:34,842 - cocli.tui.app - DEBUG - Key pressed: l
2025-11-04 10:16:34,842 - cocli.tui.app - DEBUG - action_select_item called
2025-11-04 10:16:34,844 - cocli.tui.app - DEBUG - on_list_view_selected called with item ID: companies
2025-11-04 10:16:34,844 - cocli.tui.app - DEBUG - Mounting companies into #app_content
2025-11-04 10:16:34,846 - cocli.tui.app - DEBUG - CompanyList mounted.
2025-11-04 10:16:35,024 - cocli.tui.app - DEBUG - Key pressed: down
2025-11-04 10:16:35,107 - cocli.tui.app - DEBUG - Key pressed: l
2025-11-04 10:16:35,108 - cocli.tui.app - DEBUG - action_select_item called
2025-11-04 10:16:35,108 - cocli.tui.widgets.company_list - DEBUG - ListView.Selected event received in CompanyList for item ID: test-company
2025-11-04 10:16:35,108 - cocli.tui.app - DEBUG - on_list_view_selected called with item ID: test-company
2025-11-04 10:16:35,109 - cocli.tui.app - DEBUG - Mounting test-company into #app_content
2025-11-04 10:16:35,114 - cocli.tui.app - DEBUG - on_company_list_company_selected called with slug: test-company
2025-11-04 10:16:35,114 - cocli.tui.widgets.company_detail - DEBUG - CompanyDetailScreen initialized with data for: Selected Company
2025-11-04 10:16:35,115 - cocli.tui.widgets.company_detail - DEBUG - CompanyDetailScreen compose called
2025-11-04 10:16:35,124 - cocli.tui.widgets.company_detail - DEBUG - CompanyDetailScreen on_mount called
2025-11-04 10:16:35,248 - asyncio - DEBUG - Using selector: EpollSelector
2025-11-04 10:16:35,283 - cocli.tui.app - DEBUG - Key pressed: j
2025-11-04 10:16:35,372 - cocli.tui.app - DEBUG - Key pressed: l
2025-11-04 10:16:35,373 - cocli.tui.app - DEBUG - action_select_item called
2025-11-04 10:16:35,373 - cocli.tui.app - DEBUG - on_list_view_selected called with item ID: companies
2025-11-04 10:16:35,374 - cocli.tui.app - DEBUG - Mounting companies into #app_content
2025-11-04 10:16:35,376 - cocli.tui.app - DEBUG - CompanyList mounted.
2025-11-04 10:16:35,544 - asyncio - DEBUG - Using selector: EpollSelector
2025-11-04 10:16:35,578 - cocli.tui.app - DEBUG - Key pressed: j
2025-11-04 10:16:35,669 - cocli.tui.app - DEBUG - Key pressed: l
2025-11-04 10:16:35,670 - cocli.tui.app - DEBUG - action_select_item called
2025-11-04 10:16:35,671 - cocli.tui.app - DEBUG - on_list_view_selected called with item ID: companies
2025-11-04 10:16:35,672 - cocli.tui.app - DEBUG - Mounting companies into #app_content
2025-11-04 10:16:35,673 - cocli.tui.app - DEBUG - CompanyList mounted.
2025-11-04 10:16:35,817 - asyncio - DEBUG - Using selector: EpollSelector
2025-11-04 10:16:35,852 - cocli.tui.app - DEBUG - Key pressed: j
2025-11-04 10:16:35,944 - cocli.tui.app - DEBUG - Key pressed: l
2025-11-04 10:16:35,945 - cocli.tui.app - DEBUG - action_select_item called
2025-11-04 10:16:35,946 - cocli.tui.app - DEBUG - on_list_view_selected called with item ID: companies
2025-11-04 10:16:35,947 - cocli.tui.app - DEBUG - Mounting companies into #app_content
2025-11-04 10:16:35,948 - cocli.tui.app - DEBUG - CompanyList mounted.
2025-11-04 10:16:36,212 - cocli.tui.app - DEBUG - Key pressed: down
2025-11-04 10:16:36,277 - cocli.tui.app - DEBUG - Key pressed: l
2025-11-04 10:16:36,277 - cocli.tui.app - DEBUG - action_select_item called
2025-11-04 10:16:36,277 - cocli.tui.widgets.company_list - DEBUG - ListView.Selected event received in CompanyList for item ID: test-company
2025-11-04 10:16:36,277 - cocli.tui.app - DEBUG - on_list_view_selected called with item ID: test-company
2025-11-04 10:16:36,278 - cocli.tui.app - DEBUG - Mounting test-company into #app_content
2025-11-04 10:16:36,284 - cocli.tui.app - DEBUG - on_company_list_company_selected called with slug: test-company
2025-11-04 10:16:36,387 - asyncio - DEBUG - Using selector: EpollSelector
2025-11-04 10:16:36,434 - cocli.tui.app - DEBUG - Key pressed: j
2025-11-04 10:16:36,541 - cocli.tui.app - DEBUG - Key pressed: k
2025-11-04 10:16:36,632 - asyncio - DEBUG - Using selector: EpollSelector
2025-11-04 10:16:36,664 - cocli.tui.app - DEBUG - Key pressed: j
2025-11-04 10:16:36,752 - cocli.tui.app - DEBUG - Key pressed: l
2025-11-04 10:16:36,752 - cocli.tui.app - DEBUG - action_select_item called
2025-11-04 10:16:36,752 - cocli.tui.app - DEBUG - on_list_view_selected called with item ID: companies
2025-11-04 10:16:36,752 - cocli.tui.app - DEBUG - Mounting companies into #app_content
2025-11-04 10:16:37,109 - cocli.tui.app - DEBUG - CompanyList mounted.
2025-11-04 10:16:37,435 - cocli.tui.app - DEBUG - Key pressed: h
2025-11-04 10:16:37,435 - cocli.tui.app - DEBUG - action_go_back called
2025-11-04 10:16:37,436 - cocli.tui.app - DEBUG - body_container.children: <NodeList [CompanyList()]>
2025-11-04 10:16:37,437 - cocli.tui.app - DEBUG - Removed child. body_container.children: <NodeList [CompanyList()]>
2025-11-04 10:16:42,679 - asyncio - DEBUG - Using selector: EpollSelector
2025-11-04 10:16:42,713 - cocli.tui.app - DEBUG - Key pressed: j
2025-11-04 10:16:42,869 - cocli.tui.app - DEBUG - Key pressed: l
2025-11-04 10:16:42,869 - cocli.tui.app - DEBUG - action_select_item called
2025-11-04 10:16:42,870 - cocli.tui.app - DEBUG - on_list_view_selected called with item ID: companies
2025-11-04 10:16:42,870 - cocli.tui.app - DEBUG - Mounting companies into #app_content
2025-11-04 10:16:43,205 - cocli.tui.app - DEBUG - CompanyList mounted.
2025-11-04 10:16:43,486 - cocli.tui.app - DEBUG - Key pressed: l
2025-11-04 10:16:43,486 - cocli.tui.app - DEBUG - action_select_item called
2025-11-04 10:16:43,486 - cocli.tui.widgets.company_list - DEBUG - ListView.Selected event received in CompanyList for item ID: trinitycapitalmanagement-net
2025-11-04 10:16:43,487 - cocli.tui.app - DEBUG - on_list_view_selected called with item ID: trinitycapitalmanagement-net
2025-11-04 10:16:43,487 - cocli.tui.app - DEBUG - Mounting trinitycapitalmanagement-net into #app_content
2025-11-04 10:16:43,510 - cocli.tui.app - DEBUG - on_company_list_company_selected called with slug: trinitycapitalmanagement-net
2025-11-04 10:16:43,510 - cocli.tui.widgets.company_detail - DEBUG - CompanyDetailScreen initialized with data for: Selected Company
2025-11-04 10:16:43,511 - cocli.tui.widgets.company_detail - DEBUG - CompanyDetailScreen compose called
2025-11-04 10:16:43,520 - cocli.tui.widgets.company_detail - DEBUG - CompanyDetailScreen on_mount called
2025-11-04 10:16:43,658 - asyncio - DEBUG - Using selector: EpollSelector
2025-11-04 10:16:43,711 - asyncio - DEBUG - Using selector: EpollSelector
2025-11-04 10:16:45,084 - transitions.core - DEBUG - Executed machine preparation callbacks before conditions.
2025-11-04 10:16:45,084 - transitions.core - DEBUG - Initiating transition from state prospecting_importing to state prospecting_enriching...
2025-11-04 10:16:45,084 - transitions.core - DEBUG - Executed callbacks before conditions.
2025-11-04 10:16:45,084 - transitions.core - DEBUG - Executed callback before transition.
2025-11-04 10:16:45,084 - transitions.core - DEBUG - Exiting state prospecting_importing. Processing callbacks...
2025-11-04 10:16:45,084 - transitions.core - INFO - Finished processing state prospecting_importing exit callbacks.
2025-11-04 10:16:45,085 - transitions.core - DEBUG - Entering state prospecting_enriching. Processing callbacks...
2025-11-04 10:16:45,085 - transitions.core - INFO - Finished processing state prospecting_enriching enter callbacks.
2025-11-04 10:16:45,085 - transitions.core - DEBUG - Executed callback after transition.
2025-11-04 10:16:45,085 - transitions.core - DEBUG - Executed machine finalize callbacks
2025-11-04 10:16:45,089 - transitions.core - DEBUG - Executed machine preparation callbacks before conditions.
2025-11-04 10:16:45,089 - transitions.core - DEBUG - Initiating transition from state prospecting_enriching to state outreach...
2025-11-04 10:16:45,090 - transitions.core - DEBUG - Executed callbacks before conditions.
2025-11-04 10:16:45,090 - transitions.core - DEBUG - Executed callback before transition.
2025-11-04 10:16:45,090 - transitions.core - DEBUG - Exiting state prospecting_enriching. Processing callbacks...
2025-11-04 10:16:45,090 - transitions.core - INFO - Finished processing state prospecting_enriching exit callbacks.
2025-11-04 10:16:45,090 - transitions.core - DEBUG - Entering state outreach. Processing callbacks...
2025-11-04 10:16:45,090 - transitions.core - INFO - Finished processing state outreach enter callbacks.
2025-11-04 10:16:45,090 - transitions.core - DEBUG - Executed callback after transition.
2025-11-04 10:16:45,090 - transitions.core - DEBUG - Executed machine finalize callbacks
2025-11-04 10:23:11,631 - cocli.tui.app - DEBUG - Key pressed: j
2025-11-04 10:23:11,718 - cocli.tui.app - DEBUG - Key pressed: l
2025-11-04 10:23:11,718 - cocli.tui.app - DEBUG - action_select_item called
2025-11-04 10:23:11,718 - cocli.tui.app - DEBUG - on_list_view_selected called with item ID: companies
2025-11-04 10:23:11,719 - cocli.tui.app - DEBUG - Mounting companies into #app_content
2025-11-04 10:23:11,719 - cocli.tui.app - DEBUG - CompanyList mounted.
2025-11-04 10:23:11,887 - cocli.tui.app - DEBUG - Key pressed: down
2025-11-04 10:23:11,977 - cocli.tui.app - DEBUG - Key pressed: l
2025-11-04 10:23:11,978 - cocli.tui.app - DEBUG - action_select_item called
2025-11-04 10:23:11,979 - cocli.tui.widgets.company_list - DEBUG - ListView.Selected event received in CompanyList for item ID: test-company
2025-11-04 10:23:11,980 - cocli.tui.app - DEBUG - on_list_view_selected called with item ID: test-company
2025-11-04 10:23:11,981 - cocli.tui.app - DEBUG - Mounting test-company into #app_content
2025-11-04 10:23:11,993 - cocli.tui.app - DEBUG - on_company_list_company_selected called with slug: test-company
2025-11-04 10:23:11,994 - cocli.tui.widgets.company_detail - DEBUG - CompanyDetailScreen initialized with data for: Selected Company
2025-11-04 10:23:11,995 - cocli.tui.widgets.company_detail - DEBUG - CompanyDetailScreen compose called
2025-11-04 10:23:12,008 - cocli.tui.widgets.company_detail - DEBUG - CompanyDetailScreen on_mount called
2025-11-04 10:23:12,135 - asyncio - DEBUG - Using selector: EpollSelector
2025-11-04 10:23:12,173 - cocli.tui.app - DEBUG - Key pressed: j
2025-11-04 10:23:12,263 - cocli.tui.app - DEBUG - Key pressed: l
2025-11-04 10:23:12,263 - cocli.tui.app - DEBUG - action_select_item called
2025-11-04 10:23:12,264 - cocli.tui.app - DEBUG - on_list_view_selected called with item ID: companies
2025-11-04 10:23:12,264 - cocli.tui.app - DEBUG - Mounting companies into #app_content
2025-11-04 10:23:12,265 - cocli.tui.app - DEBUG - CompanyList mounted.
2025-11-04 10:23:12,403 - asyncio - DEBUG - Using selector: EpollSelector
2025-11-04 10:23:12,438 - cocli.tui.app - DEBUG - Key pressed: j
2025-11-04 10:23:12,528 - cocli.tui.app - DEBUG - Key pressed: l
2025-11-04 10:23:12,528 - cocli.tui.app - DEBUG - action_select_item called
2025-11-04 10:23:12,529 - cocli.tui.app - DEBUG - on_list_view_selected called with item ID: companies
2025-11-04 10:23:12,529 - cocli.tui.app - DEBUG - Mounting companies into #app_content
2025-11-04 10:23:12,530 - cocli.tui.app - DEBUG - CompanyList mounted.
2025-11-04 10:23:12,675 - asyncio - DEBUG - Using selector: EpollSelector
2025-11-04 10:23:12,722 - cocli.tui.app - DEBUG - Key pressed: j
2025-11-04 10:23:12,807 - cocli.tui.app - DEBUG - Key pressed: l
2025-11-04 10:23:12,807 - cocli.tui.app - DEBUG - action_select_item called
2025-11-04 10:23:12,807 - cocli.tui.app - DEBUG - on_list_view_selected called with item ID: companies
2025-11-04 10:23:12,808 - cocli.tui.app - DEBUG - Mounting companies into #app_content
2025-11-04 10:23:12,808 - cocli.tui.app - DEBUG - CompanyList mounted.
2025-11-04 10:23:13,083 - cocli.tui.app - DEBUG - Key pressed: down
2025-11-04 10:23:13,149 - cocli.tui.app - DEBUG - Key pressed: l
2025-11-04 10:23:13,150 - cocli.tui.app - DEBUG - action_select_item called
2025-11-04 10:23:13,150 - cocli.tui.widgets.company_list - DEBUG - ListView.Selected event received in CompanyList for item ID: test-company
2025-11-04 10:23:13,151 - cocli.tui.app - DEBUG - on_list_view_selected called with item ID: test-company
2025-11-04 10:23:13,152 - cocli.tui.app - DEBUG - Mounting test-company into #app_content
2025-11-04 10:23:13,167 - cocli.tui.app - DEBUG - on_company_list_company_selected called with slug: test-company
2025-11-04 10:23:13,260 - asyncio - DEBUG - Using selector: EpollSelector
2025-11-04 10:23:13,315 - cocli.tui.app - DEBUG - Key pressed: j
2025-11-04 10:23:13,424 - cocli.tui.app - DEBUG - Key pressed: k
2025-11-04 10:23:13,525 - asyncio - DEBUG - Using selector: EpollSelector
2025-11-04 10:23:13,558 - cocli.tui.app - DEBUG - Key pressed: j
2025-11-04 10:23:13,647 - cocli.tui.app - DEBUG - Key pressed: l
2025-11-04 10:23:13,647 - cocli.tui.app - DEBUG - action_select_item called
2025-11-04 10:23:13,647 - cocli.tui.app - DEBUG - on_list_view_selected called with item ID: companies
2025-11-04 10:23:13,648 - cocli.tui.app - DEBUG - Mounting companies into #app_content
2025-11-04 10:23:14,063 - cocli.tui.app - DEBUG - CompanyList mounted.
2025-11-04 10:23:14,372 - cocli.tui.app - DEBUG - Key pressed: l
2025-11-04 10:23:14,372 - cocli.tui.app - DEBUG - action_select_item called
2025-11-04 10:23:14,372 - cocli.tui.widgets.company_list - DEBUG - ListView.Selected event received in CompanyList for item ID: trinitycapitalmanagement-net
2025-11-04 10:23:14,373 - cocli.tui.app - DEBUG - on_list_view_selected called with item ID: trinitycapitalmanagement-net
2025-11-04 10:23:14,374 - cocli.tui.app - DEBUG - Mounting trinitycapitalmanagement-net into #app_content
2025-11-04 10:23:14,482 - cocli.tui.app - DEBUG - on_company_list_company_selected called with slug: trinitycapitalmanagement-net
2025-11-04 10:23:14,483 - cocli.tui.widgets.company_detail - DEBUG - CompanyDetailScreen initialized with data for: Selected Company
2025-11-04 10:23:14,484 - cocli.tui.widgets.company_detail - DEBUG - CompanyDetailScreen compose called
2025-11-04 10:23:14,530 - cocli.tui.widgets.company_detail - DEBUG - CompanyDetailScreen on_mount called
2025-11-04 10:23:14,832 - asyncio - DEBUG - Using selector: EpollSelector
2025-11-04 10:23:14,921 - asyncio - DEBUG - Using selector: EpollSelector
2025-11-04 10:23:16,702 - transitions.core - DEBUG - Executed machine preparation callbacks before conditions.
2025-11-04 10:23:16,702 - transitions.core - DEBUG - Initiating transition from state prospecting_importing to state prospecting_enriching...
2025-11-04 10:23:16,702 - transitions.core - DEBUG - Executed callbacks before conditions.
2025-11-04 10:23:16,702 - transitions.core - DEBUG - Executed callback before transition.
2025-11-04 10:23:16,702 - transitions.core - DEBUG - Exiting state prospecting_importing. Processing callbacks...
2025-11-04 10:23:16,702 - transitions.core - INFO - Finished processing state prospecting_importing exit callbacks.
2025-11-04 10:23:16,703 - transitions.core - DEBUG - Entering state prospecting_enriching. Processing callbacks...
2025-11-04 10:23:16,703 - transitions.core - INFO - Finished processing state prospecting_enriching enter callbacks.
2025-11-04 10:23:16,703 - transitions.core - DEBUG - Executed callback after transition.
2025-11-04 10:23:16,703 - transitions.core - DEBUG - Executed machine finalize callbacks
2025-11-04 10:23:16,707 - transitions.core - DEBUG - Executed machine preparation callbacks before conditions.
2025-11-04 10:23:16,707 - transitions.core - DEBUG - Initiating transition from state prospecting_enriching to state outreach...
2025-11-04 10:23:16,707 - transitions.core - DEBUG - Executed callbacks before conditions.
2025-11-04 10:23:16,707 - transitions.core - DEBUG - Executed callback before transition.
2025-11-04 10:23:16,707 - transitions.core - DEBUG - Exiting state prospecting_enriching. Processing callbacks...
2025-11-04 10:23:16,707 - transitions.core - INFO - Finished processing state prospecting_enriching exit callbacks.
2025-11-04 10:23:16,708 - transitions.core - DEBUG - Entering state outreach. Processing callbacks...
2025-11-04 10:23:16,708 - transitions.core - INFO - Finished processing state outreach enter callbacks.
2025-11-04 10:23:16,708 - transitions.core - DEBUG - Executed callback after transition.
2025-11-04 10:23:16,708 - transitions.core - DEBUG - Executed machine finalize callbacks
2025-11-04 10:23:46,486 - cocli.tui.app - DEBUG - Key pressed: j
2025-11-04 10:23:46,572 - cocli.tui.app - DEBUG - Key pressed: l
2025-11-04 10:23:46,572 - cocli.tui.app - DEBUG - action_select_item called
2025-11-04 10:23:46,573 - cocli.tui.app - DEBUG - on_list_view_selected called with item ID: companies
2025-11-04 10:23:46,573 - cocli.tui.app - DEBUG - Mounting companies into #app_content
2025-11-04 10:23:46,574 - cocli.tui.app - DEBUG - CompanyList mounted.
2025-11-04 10:23:46,753 - cocli.tui.app - DEBUG - Key pressed: down
2025-11-04 10:23:46,839 - cocli.tui.app - DEBUG - Key pressed: l
2025-11-04 10:23:46,840 - cocli.tui.app - DEBUG - action_select_item called
2025-11-04 10:23:46,840 - cocli.tui.widgets.company_list - DEBUG - ListView.Selected event received in CompanyList for item ID: test-company
2025-11-04 10:23:46,841 - cocli.tui.app - DEBUG - on_list_view_selected called with item ID: test-company
2025-11-04 10:23:46,842 - cocli.tui.app - DEBUG - Mounting test-company into #app_content
2025-11-04 10:23:46,847 - cocli.tui.app - DEBUG - on_company_list_company_selected called with slug: test-company
2025-11-04 10:23:46,847 - cocli.tui.widgets.company_detail - DEBUG - CompanyDetailScreen initialized with data for: Selected Company
2025-11-04 10:23:46,848 - cocli.tui.widgets.company_detail - DEBUG - CompanyDetailScreen compose called
2025-11-04 10:23:46,860 - cocli.tui.widgets.company_detail - DEBUG - CompanyDetailScreen on_mount called
2025-11-04 10:23:46,983 - asyncio - DEBUG - Using selector: EpollSelector
2025-11-04 10:23:47,016 - cocli.tui.app - DEBUG - Key pressed: j
2025-11-04 10:23:47,104 - cocli.tui.app - DEBUG - Key pressed: l
2025-11-04 10:23:47,104 - cocli.tui.app - DEBUG - action_select_item called
2025-11-04 10:23:47,105 - cocli.tui.app - DEBUG - on_list_view_selected called with item ID: companies
2025-11-04 10:23:47,105 - cocli.tui.app - DEBUG - Mounting companies into #app_content
2025-11-04 10:23:47,106 - cocli.tui.app - DEBUG - CompanyList mounted.
2025-11-04 10:23:47,248 - asyncio - DEBUG - Using selector: EpollSelector
2025-11-04 10:23:47,292 - cocli.tui.app - DEBUG - Key pressed: j
2025-11-04 10:23:47,375 - cocli.tui.app - DEBUG - Key pressed: l
2025-11-04 10:23:47,375 - cocli.tui.app - DEBUG - action_select_item called
2025-11-04 10:23:47,376 - cocli.tui.app - DEBUG - on_list_view_selected called with item ID: companies
2025-11-04 10:23:47,376 - cocli.tui.app - DEBUG - Mounting companies into #app_content
2025-11-04 10:23:47,377 - cocli.tui.app - DEBUG - CompanyList mounted.
2025-11-04 10:23:47,519 - asyncio - DEBUG - Using selector: EpollSelector
2025-11-04 10:23:47,547 - cocli.tui.app - DEBUG - Key pressed: j
2025-11-04 10:23:47,641 - cocli.tui.app - DEBUG - Key pressed: l
2025-11-04 10:23:47,642 - cocli.tui.app - DEBUG - action_select_item called
2025-11-04 10:23:47,642 - cocli.tui.app - DEBUG - on_list_view_selected called with item ID: companies
2025-11-04 10:23:47,642 - cocli.tui.app - DEBUG - Mounting companies into #app_content
2025-11-04 10:23:47,643 - cocli.tui.app - DEBUG - CompanyList mounted.
2025-11-04 10:23:47,897 - cocli.tui.app - DEBUG - Key pressed: down
2025-11-04 10:23:47,964 - cocli.tui.app - DEBUG - Key pressed: l
2025-11-04 10:23:47,964 - cocli.tui.app - DEBUG - action_select_item called
2025-11-04 10:23:47,965 - cocli.tui.widgets.company_list - DEBUG - ListView.Selected event received in CompanyList for item ID: test-company
2025-11-04 10:23:47,967 - cocli.tui.app - DEBUG - on_list_view_selected called with item ID: test-company
2025-11-04 10:23:47,968 - cocli.tui.app - DEBUG - Mounting test-company into #app_content
2025-11-04 10:23:47,980 - cocli.tui.app - DEBUG - on_company_list_company_selected called with slug: test-company
2025-11-04 10:23:48,073 - asyncio - DEBUG - Using selector: EpollSelector
2025-11-04 10:23:48,119 - cocli.tui.app - DEBUG - Key pressed: j
2025-11-04 10:23:48,226 - cocli.tui.app - DEBUG - Key pressed: k
2025-11-04 10:23:48,330 - asyncio - DEBUG - Using selector: EpollSelector
2025-11-04 10:23:48,369 - cocli.tui.app - DEBUG - Key pressed: j
2025-11-04 10:23:48,458 - cocli.tui.app - DEBUG - Key pressed: l
2025-11-04 10:23:48,459 - cocli.tui.app - DEBUG - action_select_item called
2025-11-04 10:23:48,459 - cocli.tui.app - DEBUG - on_list_view_selected called with item ID: companies
2025-11-04 10:23:48,460 - cocli.tui.app - DEBUG - Mounting companies into #app_content
2025-11-04 10:23:48,894 - cocli.tui.app - DEBUG - CompanyList mounted.
2025-11-04 10:23:49,264 - cocli.tui.app - DEBUG - Key pressed: l
2025-11-04 10:23:49,264 - cocli.tui.app - DEBUG - action_select_item called
2025-11-04 10:23:49,265 - cocli.tui.widgets.company_list - DEBUG - ListView.Selected event received in CompanyList for item ID: trinitycapitalmanagement-net
2025-11-04 10:23:49,266 - cocli.tui.app - DEBUG - on_list_view_selected called with item ID: trinitycapitalmanagement-net
2025-11-04 10:23:49,267 - cocli.tui.app - DEBUG - Mounting trinitycapitalmanagement-net into #app_content
2025-11-04 10:23:49,322 - cocli.tui.app - DEBUG - on_company_list_company_selected called with slug: trinitycapitalmanagement-net
2025-11-04 10:23:49,323 - cocli.tui.widgets.company_detail - DEBUG - CompanyDetailScreen initialized with data for: Selected Company
2025-11-04 10:23:49,324 - cocli.tui.widgets.company_detail - DEBUG - CompanyDetailScreen compose called
2025-11-04 10:23:49,338 - cocli.tui.widgets.company_detail - DEBUG - CompanyDetailScreen on_mount called
2025-11-04 10:23:49,526 - asyncio - DEBUG - Using selector: EpollSelector
2025-11-04 10:23:49,571 - asyncio - DEBUG - Using selector: EpollSelector
2025-11-04 10:23:50,643 - transitions.core - DEBUG - Executed machine preparation callbacks before conditions.
2025-11-04 10:23:50,644 - transitions.core - DEBUG - Initiating transition from state prospecting_importing to state prospecting_enriching...
2025-11-04 10:23:50,644 - transitions.core - DEBUG - Executed callbacks before conditions.
2025-11-04 10:23:50,644 - transitions.core - DEBUG - Executed callback before transition.
2025-11-04 10:23:50,644 - transitions.core - DEBUG - Exiting state prospecting_importing. Processing callbacks...
2025-11-04 10:23:50,644 - transitions.core - INFO - Finished processing state prospecting_importing exit callbacks.
2025-11-04 10:23:50,644 - transitions.core - DEBUG - Entering state prospecting_enriching. Processing callbacks...
2025-11-04 10:23:50,644 - transitions.core - INFO - Finished processing state prospecting_enriching enter callbacks.
2025-11-04 10:23:50,644 - transitions.core - DEBUG - Executed callback after transition.
2025-11-04 10:23:50,644 - transitions.core - DEBUG - Executed machine finalize callbacks
2025-11-04 10:23:50,647 - transitions.core - DEBUG - Executed machine preparation callbacks before conditions.
2025-11-04 10:23:50,647 - transitions.core - DEBUG - Initiating transition from state prospecting_enriching to state outreach...
2025-11-04 10:23:50,647 - transitions.core - DEBUG - Executed callbacks before conditions.
2025-11-04 10:23:50,647 - transitions.core - DEBUG - Executed callback before transition.
2025-11-04 10:23:50,648 - transitions.core - DEBUG - Exiting state prospecting_enriching. Processing callbacks...
2025-11-04 10:23:50,648 - transitions.core - INFO - Finished processing state prospecting_enriching exit callbacks.
2025-11-04 10:23:50,648 - transitions.core - DEBUG - Entering state outreach. Processing callbacks...
2025-11-04 10:23:50,648 - transitions.core - INFO - Finished processing state outreach enter callbacks.
2025-11-04 10:23:50,648 - transitions.core - DEBUG - Executed callback after transition.
2025-11-04 10:23:50,648 - transitions.core - DEBUG - Executed machine finalize callbacks
2025-11-04 10:24:32,571 - cocli.tui.app - DEBUG - Key pressed: j
2025-11-04 10:24:32,673 - cocli.tui.app - DEBUG - Key pressed: l
2025-11-04 10:24:32,673 - cocli.tui.app - DEBUG - action_select_item called
2025-11-04 10:24:32,674 - cocli.tui.app - DEBUG - on_list_view_selected called with item ID: companies
2025-11-04 10:24:32,675 - cocli.tui.app - DEBUG - Mounting companies into #app_content
2025-11-04 10:24:32,676 - cocli.tui.app - DEBUG - CompanyList mounted.
2025-11-04 10:24:32,853 - cocli.tui.app - DEBUG - Key pressed: down
2025-11-04 10:24:32,943 - cocli.tui.app - DEBUG - Key pressed: l
2025-11-04 10:24:32,944 - cocli.tui.app - DEBUG - action_select_item called
2025-11-04 10:24:32,944 - cocli.tui.widgets.company_list - DEBUG - ListView.Selected event received in CompanyList for item ID: test-company
2025-11-04 10:24:32,945 - cocli.tui.app - DEBUG - on_list_view_selected called with item ID: test-company
2025-11-04 10:24:32,946 - cocli.tui.app - DEBUG - Mounting test-company into #app_content
2025-11-04 10:24:32,961 - cocli.tui.app - DEBUG - on_company_list_company_selected called with slug: test-company
2025-11-04 10:24:32,962 - cocli.tui.widgets.company_detail - DEBUG - CompanyDetailScreen initialized with data for: Selected Company
2025-11-04 10:24:32,963 - cocli.tui.widgets.company_detail - DEBUG - CompanyDetailScreen compose called
2025-11-04 10:24:32,994 - cocli.tui.widgets.company_detail - DEBUG - CompanyDetailScreen on_mount called
2025-11-04 10:24:33,112 - asyncio - DEBUG - Using selector: EpollSelector
2025-11-04 10:24:33,161 - cocli.tui.app - DEBUG - Key pressed: j
2025-11-04 10:24:33,247 - cocli.tui.app - DEBUG - Key pressed: l
2025-11-04 10:24:33,247 - cocli.tui.app - DEBUG - action_select_item called
2025-11-04 10:24:33,247 - cocli.tui.app - DEBUG - on_list_view_selected called with item ID: companies
2025-11-04 10:24:33,248 - cocli.tui.app - DEBUG - Mounting companies into #app_content
2025-11-04 10:24:33,249 - cocli.tui.app - DEBUG - CompanyList mounted.
2025-11-04 10:24:33,355 - asyncio - DEBUG - Using selector: EpollSelector
2025-11-04 10:24:33,389 - cocli.tui.app - DEBUG - Key pressed: j
2025-11-04 10:24:33,472 - cocli.tui.app - DEBUG - Key pressed: l
2025-11-04 10:24:33,472 - cocli.tui.app - DEBUG - action_select_item called
2025-11-04 10:24:33,472 - cocli.tui.app - DEBUG - on_list_view_selected called with item ID: companies
2025-11-04 10:24:33,473 - cocli.tui.app - DEBUG - Mounting companies into #app_content
2025-11-04 10:24:33,473 - cocli.tui.app - DEBUG - CompanyList mounted.
2025-11-04 10:24:33,582 - asyncio - DEBUG - Using selector: EpollSelector
2025-11-04 10:24:33,612 - cocli.tui.app - DEBUG - Key pressed: j
2025-11-04 10:24:33,705 - cocli.tui.app - DEBUG - Key pressed: l
2025-11-04 10:24:33,706 - cocli.tui.app - DEBUG - action_select_item called
2025-11-04 10:24:33,707 - cocli.tui.app - DEBUG - on_list_view_selected called with item ID: companies
2025-11-04 10:24:33,708 - cocli.tui.app - DEBUG - Mounting companies into #app_content
2025-11-04 10:24:33,709 - cocli.tui.app - DEBUG - CompanyList mounted.
2025-11-04 10:24:34,014 - cocli.tui.app - DEBUG - Key pressed: down
2025-11-04 10:24:34,080 - cocli.tui.app - DEBUG - Key pressed: l
2025-11-04 10:24:34,081 - cocli.tui.app - DEBUG - action_select_item called
2025-11-04 10:24:34,081 - cocli.tui.widgets.company_list - DEBUG - ListView.Selected event received in CompanyList for item ID: test-company
2025-11-04 10:24:34,083 - cocli.tui.app - DEBUG - on_list_view_selected called with item ID: test-company
2025-11-04 10:24:34,084 - cocli.tui.app - DEBUG - Mounting test-company into #app_content
2025-11-04 10:24:34,098 - cocli.tui.app - DEBUG - on_company_list_company_selected called with slug: test-company
2025-11-04 10:24:34,190 - asyncio - DEBUG - Using selector: EpollSelector
2025-11-04 10:24:34,237 - cocli.tui.app - DEBUG - Key pressed: j
2025-11-04 10:24:34,355 - cocli.tui.app - DEBUG - Key pressed: k
2025-11-04 10:24:34,461 - asyncio - DEBUG - Using selector: EpollSelector
2025-11-04 10:24:34,496 - cocli.tui.app - DEBUG - Key pressed: j
2025-11-04 10:24:34,597 - cocli.tui.app - DEBUG - Key pressed: l
2025-11-04 10:24:34,598 - cocli.tui.app - DEBUG - action_select_item called
2025-11-04 10:24:34,598 - cocli.tui.app - DEBUG - on_list_view_selected called with item ID: companies
2025-11-04 10:24:34,599 - cocli.tui.app - DEBUG - Mounting companies into #app_content
2025-11-04 10:24:34,994 - cocli.tui.app - DEBUG - CompanyList mounted.
2025-11-04 10:24:35,270 - cocli.tui.app - DEBUG - Key pressed: l
2025-11-04 10:24:35,270 - cocli.tui.app - DEBUG - action_select_item called
2025-11-04 10:24:35,270 - cocli.tui.widgets.company_list - DEBUG - ListView.Selected event received in CompanyList for item ID: trinitycapitalmanagement-net
2025-11-04 10:24:35,271 - cocli.tui.app - DEBUG - on_list_view_selected called with item ID: trinitycapitalmanagement-net
2025-11-04 10:24:35,271 - cocli.tui.app - DEBUG - Mounting trinitycapitalmanagement-net into #app_content
2025-11-04 10:24:35,294 - cocli.tui.app - DEBUG - on_company_list_company_selected called with slug: trinitycapitalmanagement-net
2025-11-04 10:24:35,295 - cocli.tui.widgets.company_detail - DEBUG - CompanyDetailScreen initialized with data for: Selected Company
2025-11-04 10:24:35,295 - cocli.tui.widgets.company_detail - DEBUG - CompanyDetailScreen compose called
2025-11-04 10:24:35,308 - cocli.tui.widgets.company_detail - DEBUG - CompanyDetailScreen on_mount called
2025-11-04 10:24:35,440 - asyncio - DEBUG - Using selector: EpollSelector
2025-11-04 10:24:35,569 - asyncio - DEBUG - Using selector: EpollSelector
2025-11-04 10:24:36,715 - transitions.core - DEBUG - Executed machine preparation callbacks before conditions.
2025-11-04 10:24:36,715 - transitions.core - DEBUG - Initiating transition from state prospecting_importing to state prospecting_enriching...
2025-11-04 10:24:36,715 - transitions.core - DEBUG - Executed callbacks before conditions.
2025-11-04 10:24:36,715 - transitions.core - DEBUG - Executed callback before transition.
2025-11-04 10:24:36,715 - transitions.core - DEBUG - Exiting state prospecting_importing. Processing callbacks...
2025-11-04 10:24:36,715 - transitions.core - INFO - Finished processing state prospecting_importing exit callbacks.
2025-11-04 10:24:36,715 - transitions.core - DEBUG - Entering state prospecting_enriching. Processing callbacks...
2025-11-04 10:24:36,715 - transitions.core - INFO - Finished processing state prospecting_enriching enter callbacks.
2025-11-04 10:24:36,715 - transitions.core - DEBUG - Executed callback after transition.
2025-11-04 10:24:36,716 - transitions.core - DEBUG - Executed machine finalize callbacks
2025-11-04 10:24:36,720 - transitions.core - DEBUG - Executed machine preparation callbacks before conditions.
2025-11-04 10:24:36,720 - transitions.core - DEBUG - Initiating transition from state prospecting_enriching to state outreach...
2025-11-04 10:24:36,720 - transitions.core - DEBUG - Executed callbacks before conditions.
2025-11-04 10:24:36,720 - transitions.core - DEBUG - Executed callback before transition.
2025-11-04 10:24:36,720 - transitions.core - DEBUG - Exiting state prospecting_enriching. Processing callbacks...
2025-11-04 10:24:36,720 - transitions.core - INFO - Finished processing state prospecting_enriching exit callbacks.
2025-11-04 10:24:36,720 - transitions.core - DEBUG - Entering state outreach. Processing callbacks...
2025-11-04 10:24:36,720 - transitions.core - INFO - Finished processing state outreach enter callbacks.
2025-11-04 10:24:36,720 - transitions.core - DEBUG - Executed callback after transition.
2025-11-04 10:24:36,720 - transitions.core - DEBUG - Executed machine finalize callbacks
